<?xml version="1.0" encoding="UTF-8"?>
<testsuite name="org.oobootcamp.GraduateParkingBoyTest" tests="6" skipped="0" failures="0" errors="0" timestamp="2022-08-05T08:47:52" hostname="XiangtiandeMacBook-Pro.local" time="0.053">
  <properties/>
  <testcase name="should_get_my_car_given_my_car_in_parkingLot_A_When_get_car()" classname="org.oobootcamp.GraduateParkingBoyTest" time="0.046"/>
  <testcase name="should_park_into_parkingLot_B_and_get_ticket_given_4_car_in_parkingLot_A_and_2_car_in_parkingLot_B_When_park_car()" classname="org.oobootcamp.GraduateParkingBoyTest" time="0.001"/>
  <testcase name="should_park_into_parkingLot_A_and_get_ticket_given_0_car_in_parkingLot_A_and_0_car_in_parkingLot_B_When_park_car()" classname="org.oobootcamp.GraduateParkingBoyTest" time="0.001"/>
  <testcase name="should_park_into_parkingLot_A_and_get_ticket_given_3_car_in_parkingLot_A_and_0_car_in_parkingLot_B_When_park_car()" classname="org.oobootcamp.GraduateParkingBoyTest" time="0.001"/>
  <testcase name="should_not_get_car_given_my_car_in_parkingLot_A_When_get_car()" classname="org.oobootcamp.GraduateParkingBoyTest" time="0.003"/>
  <testcase name="should_not_park_into_parkingLot_and_not_get_ticket_given_4_car_in_parkingLot_A_and_3_car_in_parkingLot_B_When_park_car()" classname="org.oobootcamp.GraduateParkingBoyTest" time="0.0"/>
  <system-out><![CDATA[]]></system-out>
  <system-err><![CDATA[]]></system-err>
</testsuite>
